C51 COMPILER V9.02   MAIN                                                                  03/10/2017 20:48:53 PAGE 1   


C51 COMPILER V9.02, COMPILATION OF MODULE MAIN
OBJECT MODULE PLACED IN main.OBJ
COMPILER INVOKED BY: E:\C51\BIN\C51.EXE main.c BROWSE DEBUG OBJECTEXTEND

line level    source

   1          /**************************************************************************************
   2          *                             矩阵按键实验                                                                                                *
   3          实现现象：下载程序后数码管显示0，按下矩阵按键上的按键显示对应的数字
   4                                  S1-S4：0-3
   5                                  S5-S8：4-7
   6                                  S9-S12：8-B
   7                                  S13-S16：C-F。
   8          注意事项：如果不想让点阵模块显示，可以将74HC595模块上的JP595短接片拔掉。                                                                                                                                                                  
   9          ***************************************************************************************/
  10          
  11          #include "reg52.h"                       //此文件中定义了单片机的一些特殊功能寄存器
  12          
  13          typedef unsigned int u16;         //对数据类型进行声明定义
  14          typedef unsigned char u8;
  15          
  16          #define GPIO_DIG P0
  17          #define GPIO_KEY P1
  18          
  19          sbit LSA=P2^2;
  20          sbit LSB=P2^3;
  21          sbit LSC=P2^4;
  22          
  23          u8 KeyValue;    //用来存放读取到的键值
  24          u8 key_num;
  25          
  26          
  27          u8 code smgduan[17]={0x3f,0x06,0x5b,0x4f,0x66,0x6d,0x7d,0x07,
  28                                                  0x7f,0x6f,0x77,0x7c,0x39,0x5e,0x79,0x71};//显示0~F的值
  29          
  30          /*******************************************************************************
  31          * 函 数 名         : delay
  32          * 函数功能                 : 延时函数，i=1时，大约延时10us
  33          *******************************************************************************/
  34          void delay(u16 i)
  35          {
  36   1              while(i--);     
  37   1      }
  38          
  39          
  40          void send(key_num)
  41          {
  42   1        SBUF=key_num;
  43   1        while(!TI);
  44   1        TI=0;
  45   1      }
  46          /*******************************************************************************
  47          * 函 数 名         : KeyDown
  48          * 函数功能                 : 检测有按键按下并读取键值
  49          * 输    入         : 无
  50          * 输    出         : 无
  51          *******************************************************************************/
  52          void KeyDown(void)
  53          {
  54   1              char a=0;
  55   1              GPIO_KEY=0x0f;
C51 COMPILER V9.02   MAIN                                                                  03/10/2017 20:48:53 PAGE 2   

  56   1              if(GPIO_KEY!=0x0f)//读取按键是否按下
  57   1              {
  58   2                      delay(1000);//延时10ms进行消抖
  59   2                      if(GPIO_KEY!=0x0f)//再次检测键盘是否按下
  60   2                      {       
  61   3                              //测试列
  62   3                              GPIO_KEY=0X0F;
  63   3                              switch(GPIO_KEY)
  64   3                              {
  65   4                                      case(0X07):     KeyValue=0;break;
  66   4                                      case(0X0b):     KeyValue=1;break;
  67   4                                      case(0X0d): KeyValue=2;break;
  68   4                                      case(0X0e):     KeyValue=3;break;
  69   4                              }
  70   3                              //测试行
  71   3                              GPIO_KEY=0XF0;
  72   3                              switch(GPIO_KEY)
  73   3                              {
  74   4                                      case(0X70):     KeyValue=KeyValue;break;
  75   4                                      case(0Xb0):     KeyValue=KeyValue+4;break;
  76   4                                      case(0Xd0): KeyValue=KeyValue+8;break;
  77   4                                      case(0Xe0):     KeyValue=KeyValue+12;break;
  78   4                              }
  79   3                              while((a<50)&&(GPIO_KEY!=0xf0))  //检测按键松手检测
  80   3                              {
  81   4                                      delay(1000);
  82   4                                      a++;
  83   4                              }
  84   3                      }
  85   2                      send(KeyValue);
  86   2              }
  87   1      }
  88          
  89          
  90          /*******************************************************************************
  91          * 函 数 名       : main
  92          * 函数功能               : 主函数
  93          * 输    入       : 无
  94          * 输    出       : 无
  95          *******************************************************************************/
  96          void main()
  97          {       
  98   1              LSA=0; //给一个数码管提供位选
  99   1              LSB=0;
 100   1              LSC=0;
 101   1              TMOD=0x20;
 102   1              TH1=0xfd;
 103   1              TL1=0xfd;
 104   1              TR1=1;
 105   1              SM0=0;
 106   1              SM1=1;
 107   1              EA=1;
 108   1              ES=1;
 109   1              while(1)
 110   1              {       
 111   2                      KeyDown();                 //按键判断函数
 112   2                      GPIO_DIG=smgduan[KeyValue];       //
 113   2              }               
 114   1      }


MODULE INFORMATION:   STATIC OVERLAYABLE
C51 COMPILER V9.02   MAIN                                                                  03/10/2017 20:48:53 PAGE 3   

   CODE SIZE        =    199    ----
   CONSTANT SIZE    =     17    ----
   XDATA SIZE       =   ----    ----
   PDATA SIZE       =   ----    ----
   DATA SIZE        =      2       1
   IDATA SIZE       =   ----    ----
   BIT SIZE         =   ----    ----
END OF MODULE INFORMATION.


C51 COMPILATION COMPLETE.  0 WARNING(S),  0 ERROR(S)
