C51 COMPILER V9.02   接受方                                                                03/10/2017 21:09:08 PAGE 1   


C51 COMPILER V9.02, COMPILATION OF MODULE 接受方
OBJECT MODULE PLACED IN 接受方.OBJ
COMPILER INVOKED BY: E:\C51\BIN\C51.EXE 接受方.c BROWSE DEBUG OBJECTEXTEND

line level    source

   1          #include<reg52.h>         //52系列单片机头文件
   2          typedef unsigned int u16;         //对数据类型进行声明定义
   3          typedef unsigned char u8;
   4          
   5          sbit LSA=P2^2;
   6          sbit LSB=P2^3;
   7          sbit LSC=P2^4;
   8          //sbit led=P2^0;
   9          
  10          u8 code smgduan[17]={0x3f,0x06,0x5b,0x4f,0x66,0x6d,0x7d,0x07,
  11                                                  0x7f,0x6f,0x77,0x7c,0x39,0x5e,0x79,0x71};//显示0~F的值
  12          u8 a;
  13          void display(num)
  14          {
  15   1         P0=smgduan[num];
  16   1      }
  17          void main()
  18          {
  19   1        TMOD=0x20;
  20   1        TH1=0xfd;
  21   1        TL1=0xfd;
  22   1        TR1=1;
  23   1        REN=1;
  24   1        SM0=0;
  25   1        SM1=1;
  26   1        EA=1;
  27   1        ES=1;
  28   1        LSA=0;
  29   1        LSB=0;
  30   1        LSC=0;
  31   1        while(1);                                //等待串口中断产生，然后更新显示
  32   1        { 
  33   2      //        if(a=='1')
  34   2      //         {
  35   2      //           led=0;
  36   2      //              }
  37   2        }
  38   1      
  39   1      }
  40          void ser()interrupt 4
  41          {
  42   1      //  u8 a;
  43   1        RI=0;
  44   1        a=SBUF;
  45   1        display(a);
  46   1      }


MODULE INFORMATION:   STATIC OVERLAYABLE
   CODE SIZE        =     84    ----
   CONSTANT SIZE    =     17    ----
   XDATA SIZE       =   ----    ----
   PDATA SIZE       =   ----    ----
   DATA SIZE        =      1    ----
   IDATA SIZE       =   ----    ----
C51 COMPILER V9.02   接受方                                                                03/10/2017 21:09:08 PAGE 2   

   BIT SIZE         =   ----    ----
END OF MODULE INFORMATION.


C51 COMPILATION COMPLETE.  0 WARNING(S),  0 ERROR(S)
